<?xml version="1.0" encoding="UTF-8"?>
<!-- Generated by org.testng.reporters.JUnitXMLReporter -->
<testsuite hostname="DESKTOP-QS2AGGF" name="Default test" tests="3" failures="0" timestamp="20 Jul 2020 07:18:14 GMT" time="31.374" errors="0">
  <testcase name="verifyMenuItems" time="3.241" classname="osss.online.DashboardPageTest"/>
  <testcase name="verifyPageTitle" time="0.012" classname="osss.online.DashboardPageTest"/>
  <testcase name="verifyUserLavel" time="0.047" classname="osss.online.DashboardPageTest"/>
</testsuite> <!-- Default test -->
