<?xml version="1.0" encoding="UTF-8"?>
<!-- Generated by org.testng.reporters.JUnitXMLReporter -->
<testsuite hostname="DESKTOP-QS2AGGF" name="Osss Online Test" tests="7" failures="1" timestamp="21 Jul 2020 07:50:37 GMT" time="79.046" errors="0">
  <testcase name="verifyMenuItems" time="3.914" classname="osss.online.DashboardPageTest">
    <failure type="java.lang.AssertionError" message="Employees Menu is not displayed expected [true] but found [false]">
      <![CDATA[java.lang.AssertionError: Employees Menu is not displayed expected [true] but found [false]
	at osss.online.DashboardPageTest.verifyMenuItems(DashboardPageTest.java:62)
... Removed 27 stack frames]]>
    </failure>
  </testcase> <!-- verifyMenuItems -->
  <testcase name="verifyPageTitle" time="0.011" classname="osss.online.DashboardPageTest"/>
  <testcase name="verifyUserLavel" time="0.049" classname="osss.online.DashboardPageTest"/>
  <testcase name="NavigateToMDPageTest" time="3.11" classname="osss.online.DashboardPageTest"/>
  <testcase name="getTitleTest" time="11.737" classname="osss.online.homePageTest"/>
  <testcase name="VerifyPageTitle" time="0.007" classname="osss.online.loginPageTest"/>
  <testcase name="AddMasterDistributorTest" time="3.28" classname="osss.online.MasterDistributorPageTest"/>
</testsuite> <!-- Osss Online Test -->
