<?xml version="1.0" encoding="UTF-8"?>
<testng-results skipped="0" failed="0" total="1" passed="1">
  <reporter-output>
  </reporter-output>
  <suite name="Default suite" duration-ms="24465" started-at="2020-07-21T05:59:28Z" finished-at="2020-07-21T05:59:53Z">
    <groups>
    </groups>
    <test name="Default test" duration-ms="24465" started-at="2020-07-21T05:59:28Z" finished-at="2020-07-21T05:59:53Z">
      <class name="osss.online.MasterDistributorPageTest">
        <test-method status="PASS" signature="setup()[pri:0, instance:osss.online.MasterDistributorPageTest@5e025e70]" name="setup" is-config="true" duration-ms="20726" started-at="2020-07-21T11:29:28Z" finished-at="2020-07-21T11:29:49Z">
          <reporter-output>
          </reporter-output>
        </test-method> <!-- setup -->
        <test-method status="PASS" signature="AddMasterDistributorTest()[pri:1, instance:osss.online.MasterDistributorPageTest@5e025e70]" name="AddMasterDistributorTest" duration-ms="3730" started-at="2020-07-21T11:29:49Z" finished-at="2020-07-21T11:29:53Z">
          <reporter-output>
          </reporter-output>
        </test-method> <!-- AddMasterDistributorTest -->
      </class> <!-- osss.online.MasterDistributorPageTest -->
    </test> <!-- Default test -->
  </suite> <!-- Default suite -->
</testng-results>
