<?xml version="1.0" encoding="UTF-8"?>
<testng-results skipped="0" failed="0" total="1" passed="1">
  <reporter-output>
  </reporter-output>
  <suite name="Default suite" duration-ms="22287" started-at="2020-07-15T06:47:18Z" finished-at="2020-07-15T06:47:40Z">
    <groups>
    </groups>
    <test name="Default test" duration-ms="22287" started-at="2020-07-15T06:47:18Z" finished-at="2020-07-15T06:47:40Z">
      <class name="osss.online.homePageTest">
        <test-method status="PASS" signature="getTitleTest()[pri:0, instance:osss.online.homePageTest@1b40d5f0]" name="getTitleTest" duration-ms="22276" started-at="2020-07-15T12:17:18Z" finished-at="2020-07-15T12:17:40Z">
          <reporter-output>
          </reporter-output>
        </test-method> <!-- getTitleTest -->
      </class> <!-- osss.online.homePageTest -->
    </test> <!-- Default test -->
  </suite> <!-- Default suite -->
</testng-results>
